<?xml version="1.0" encoding="UTF-8"?>
<testng-results skipped="0" failed="0" ignored="0" total="2" passed="2">
  <reporter-output>
  </reporter-output>
  <suite name="Default suite" duration-ms="108572" started-at="2018-11-18T09:16:40Z" finished-at="2018-11-18T09:18:29Z">
    <groups>
    </groups>
    <test name="Default test" duration-ms="108572" started-at="2018-11-18T09:16:40Z" finished-at="2018-11-18T09:18:29Z">
      <class name="com.project.Dataprovider.DataProviderTest">
        <test-method status="PASS" signature="test(java.lang.String, java.lang.String)[pri:0, instance:com.project.Dataprovider.DataProviderTest@57baeedf]" name="test" duration-ms="74040" started-at="2018-11-18T09:16:40Z" data-provider="Authentication" finished-at="2018-11-18T09:17:55Z">
          <params>
            <param index="0">
              <value>
                <![CDATA[dhanarajvlsidesign]]>
              </value>
            </param>
            <param index="1">
              <value>
                <![CDATA[vlsidesign]]>
              </value>
            </param>
          </params>
          <reporter-output>
          </reporter-output>
        </test-method> <!-- test -->
        <test-method status="PASS" signature="test(java.lang.String, java.lang.String)[pri:0, instance:com.project.Dataprovider.DataProviderTest@57baeedf]" name="test" duration-ms="34400" started-at="2018-11-18T09:17:55Z" data-provider="Authentication" finished-at="2018-11-18T09:18:29Z">
          <params>
            <param index="0">
              <value>
                <![CDATA[bankersaddaabcd]]>
              </value>
            </param>
            <param index="1">
              <value>
                <![CDATA[bankersadda]]>
              </value>
            </param>
          </params>
          <reporter-output>
          </reporter-output>
        </test-method> <!-- test -->
      </class> <!-- com.project.Dataprovider.DataProviderTest -->
    </test> <!-- Default test -->
  </suite> <!-- Default suite -->
</testng-results>
