<?xml version="1.0" encoding="UTF-8"?>
<testng-results skipped="0" failed="0" ignored="1" total="9" passed="8">
  <reporter-output>
  </reporter-output>
  <suite name="Preserve order test runs" duration-ms="207" started-at="2018-11-09T17:02:13Z" finished-at="2018-11-09T17:02:13Z">
    <groups>
    </groups>
    <test name="Regression 1" duration-ms="207" started-at="2018-11-09T17:02:13Z" finished-at="2018-11-09T17:02:13Z">
      <class name="com.dataprovider.Dependsonmethodexample">
        <test-method status="PASS" signature="beforeMethod()[pri:0, instance:com.dataprovider.Dependsonmethodexample@1a968a59]" name="beforeMethod" is-config="true" duration-ms="29" started-at="2018-11-09T17:02:13Z" finished-at="2018-11-09T17:02:13Z">
          <reporter-output>
          </reporter-output>
        </test-method> <!-- beforeMethod -->
        <test-method status="PASS" signature="testAdd()[pri:0, instance:com.dataprovider.Dependsonmethodexample@1a968a59]" name="testAdd" duration-ms="4" started-at="2018-11-09T17:02:13Z" finished-at="2018-11-09T17:02:13Z">
          <reporter-output>
          </reporter-output>
        </test-method> <!-- testAdd -->
        <test-method status="PASS" signature="afterMethod()[pri:0, instance:com.dataprovider.Dependsonmethodexample@1a968a59]" name="afterMethod" is-config="true" duration-ms="2" started-at="2018-11-09T17:02:13Z" finished-at="2018-11-09T17:02:13Z">
          <reporter-output>
          </reporter-output>
        </test-method> <!-- afterMethod -->
        <test-method status="PASS" signature="beforeMethod()[pri:0, instance:com.dataprovider.Dependsonmethodexample@1a968a59]" name="beforeMethod" is-config="true" duration-ms="1" started-at="2018-11-09T17:02:13Z" finished-at="2018-11-09T17:02:13Z">
          <reporter-output>
          </reporter-output>
        </test-method> <!-- beforeMethod -->
        <test-method status="PASS" signature="testDivide()[pri:0, instance:com.dataprovider.Dependsonmethodexample@1a968a59]" name="testDivide" duration-ms="10" started-at="2018-11-09T17:02:13Z" finished-at="2018-11-09T17:02:13Z">
          <reporter-output>
          </reporter-output>
        </test-method> <!-- testDivide -->
        <test-method status="PASS" signature="afterMethod()[pri:0, instance:com.dataprovider.Dependsonmethodexample@1a968a59]" name="afterMethod" is-config="true" duration-ms="1" started-at="2018-11-09T17:02:13Z" finished-at="2018-11-09T17:02:13Z">
          <reporter-output>
          </reporter-output>
        </test-method> <!-- afterMethod -->
        <test-method status="PASS" signature="beforeMethod()[pri:0, instance:com.dataprovider.Dependsonmethodexample@1a968a59]" name="beforeMethod" is-config="true" duration-ms="2" started-at="2018-11-09T17:02:13Z" finished-at="2018-11-09T17:02:13Z">
          <reporter-output>
          </reporter-output>
        </test-method> <!-- beforeMethod -->
        <test-method status="PASS" signature="testProcessEvenNumbers()[pri:0, instance:com.dataprovider.Dependsonmethodexample@1a968a59]" name="testProcessEvenNumbers" duration-ms="4" started-at="2018-11-09T17:02:13Z" depends-on-methods="com.dataprovider.Dependsonmethodexample.testDivide, com.dataprovider.Dependsonmethodexample.testAdd" finished-at="2018-11-09T17:02:13Z">
          <reporter-output>
          </reporter-output>
        </test-method> <!-- testProcessEvenNumbers -->
        <test-method status="PASS" signature="afterMethod()[pri:0, instance:com.dataprovider.Dependsonmethodexample@1a968a59]" name="afterMethod" is-config="true" duration-ms="1" started-at="2018-11-09T17:02:13Z" finished-at="2018-11-09T17:02:13Z">
          <reporter-output>
          </reporter-output>
        </test-method> <!-- afterMethod -->
        <test-method status="PASS" signature="beforeMethod()[pri:0, instance:com.dataprovider.Dependsonmethodexample@1a968a59]" name="beforeMethod" is-config="true" duration-ms="2" started-at="2018-11-09T17:02:13Z" finished-at="2018-11-09T17:02:13Z">
          <reporter-output>
          </reporter-output>
        </test-method> <!-- beforeMethod -->
        <test-method status="PASS" signature="testProcessRealNumbers()[pri:0, instance:com.dataprovider.Dependsonmethodexample@1a968a59]" name="testProcessRealNumbers" duration-ms="3" started-at="2018-11-09T17:02:13Z" depends-on-methods="com.dataprovider.Dependsonmethodexample.testDivide, com.dataprovider.Dependsonmethodexample.testAdd" finished-at="2018-11-09T17:02:13Z">
          <reporter-output>
          </reporter-output>
        </test-method> <!-- testProcessRealNumbers -->
        <test-method status="PASS" signature="afterMethod()[pri:0, instance:com.dataprovider.Dependsonmethodexample@1a968a59]" name="afterMethod" is-config="true" duration-ms="1" started-at="2018-11-09T17:02:13Z" finished-at="2018-11-09T17:02:13Z">
          <reporter-output>
          </reporter-output>
        </test-method> <!-- afterMethod -->
      </class> <!-- com.dataprovider.Dependsonmethodexample -->
      <class name="com.dataprovider.Enableanddisable">
        <test-method status="PASS" signature="tesTwo()[pri:0, instance:com.dataprovider.Enableanddisable@e25b2fe]" name="tesTwo" duration-ms="23" started-at="2018-11-09T17:02:13Z" finished-at="2018-11-09T17:02:13Z">
          <reporter-output>
          </reporter-output>
        </test-method> <!-- tesTwo -->
        <test-method status="PASS" signature="testFive()[pri:0, instance:com.dataprovider.Enableanddisable@e25b2fe]" name="testFive" duration-ms="4" started-at="2018-11-09T17:02:13Z" finished-at="2018-11-09T17:02:13Z">
          <reporter-output>
          </reporter-output>
        </test-method> <!-- testFive -->
        <test-method status="PASS" signature="testOne()[pri:0, instance:com.dataprovider.Enableanddisable@e25b2fe]" name="testOne" duration-ms="26" started-at="2018-11-09T17:02:13Z" finished-at="2018-11-09T17:02:13Z">
          <reporter-output>
          </reporter-output>
        </test-method> <!-- testOne -->
        <test-method status="PASS" signature="testThree()[pri:0, instance:com.dataprovider.Enableanddisable@e25b2fe]" name="testThree" duration-ms="5" started-at="2018-11-09T17:02:13Z" finished-at="2018-11-09T17:02:13Z">
          <reporter-output>
          </reporter-output>
        </test-method> <!-- testThree -->
      </class> <!-- com.dataprovider.Enableanddisable -->
    </test> <!-- Regression 1 -->
  </suite> <!-- Preserve order test runs -->
</testng-results>
