<?xml version="1.0" encoding="UTF-8"?>
<!-- Generated by org.testng.reporters.JUnitXMLReporter -->
<testsuite hostname="HP" ignored="0" name="Default test" tests="4" failures="0" timestamp="09 Nov 2018 15:36:39 GMT" time="0.217" errors="0">
  <testcase name="testAdd" time="0.02" classname="com.dataprovider.Dependsonmethodexample"/>
  <testcase name="testDivide" time="0.004" classname="com.dataprovider.Dependsonmethodexample"/>
  <testcase name="testProcessEvenNumbers" time="0.006" classname="com.dataprovider.Dependsonmethodexample"/>
  <testcase name="testProcessRealNumbers" time="0.009" classname="com.dataprovider.Dependsonmethodexample"/>
</testsuite> <!-- Default test -->
