<?xml version="1.0" encoding="UTF-8"?>
<!-- Generated by org.testng.reporters.JUnitXMLReporter -->
<testsuite hostname="HP" ignored="1" name="Test" tests="18" failures="1" timestamp="09 Nov 2018 06:29:32 GMT" time="0.318" errors="0">
  <testcase name="tesTwo" time="0.035" classname="com.dataprovider.Enableanddisable"/>
  <testcase name="accessAdminPage" time="0.002" classname="com.dataprovider.Dependsongroupsexample">
    <failure type="java.lang.RuntimeException">
      <![CDATA[java.lang.RuntimeException
at com.dataprovider.Dependsongroupsexample.accessAdminPage(Dependsongroupsexample.java:60)
at java.util.concurrent.ThreadPoolExecutor.runWorker(ThreadPoolExecutor.java:1149)
at java.util.concurrent.ThreadPoolExecutor$Worker.run(ThreadPoolExecutor.java:624)
at java.lang.Thread.run(Thread.java:748)
... Removed 10 stack frames]]>
    </failure>
  </testcase> <!-- accessAdminPage -->
  <testcase name="testAdd" time="0.002" classname="com.dataprovider.Dependsonmethodexample"/>
  <testcase name="testFive" time="0.031" classname="com.dataprovider.Enableanddisable"/>
  <testcase name="testOne" time="0.016" classname="com.dataprovider.Enableanddisable"/>
  <testcase name="accessHomePage" time="0.027" classname="com.dataprovider.Dependsongroupsexample"/>
  <testcase name="testThree" time="0.043" classname="com.dataprovider.Enableanddisable"/>
  <testcase name="openConfirmationDialog" time="0.012" classname="com.dataprovider.Dependsongroupsexample"/>
  <testcase name="testDivide" time="0.067" classname="com.dataprovider.Dependsonmethodexample"/>
  <testcase name="openFileDialog" time="0.0" classname="com.dataprovider.Dependsongroupsexample"/>
  <testcase name="testProcessEvenNumbers" time="0.016" classname="com.dataprovider.Dependsonmethodexample"/>
  <testcase name="testDelete" time="0.016" classname="com.dataprovider.Dependsongroupsexample"/>
  <testcase name="testProcessRealNumbers" time="0.0" classname="com.dataprovider.Dependsonmethodexample"/>
  <testcase name="testInsert" time="0.015" classname="com.dataprovider.Dependsongroupsexample"/>
  <testcase name="testUpdate" time="0.0" classname="com.dataprovider.Dependsongroupsexample"/>
  <testcase name="backendGroupDependentTest1" time="0.0" classname="com.dataprovider.Dependsongroupsexample">
    <skipped/>
  </testcase> <!-- backendGroupDependentTest1 -->
  <testcase name="backendGroupDependentTest2" time="0.0" classname="com.dataprovider.Dependsongroupsexample"/>
  <testcase name="uiGroupDependentTest" time="0.015" classname="com.dataprovider.Dependsongroupsexample"/>
  <testcase name="testFour" time="0.0" classname="com.dataprovider.Enableanddisable">
    <ignored/>
  </testcase> <!-- testFour -->
</testsuite> <!-- Test -->
