<?xml version="1.0" encoding="UTF-8"?>
<!-- Generated by org.testng.reporters.JUnitXMLReporter -->
<testsuite hostname="HP" ignored="1" name="Regression 1" tests="8" failures="0" timestamp="09 Nov 2018 17:02:13 GMT" time="0.207" errors="0">
  <testcase name="tesTwo" time="0.023" classname="com.dataprovider.Enableanddisable"/>
  <testcase name="testAdd" time="0.004" classname="com.dataprovider.Dependsonmethodexample"/>
  <testcase name="testFive" time="0.004" classname="com.dataprovider.Enableanddisable"/>
  <testcase name="testDivide" time="0.01" classname="com.dataprovider.Dependsonmethodexample"/>
  <testcase name="testProcessEvenNumbers" time="0.004" classname="com.dataprovider.Dependsonmethodexample"/>
  <testcase name="testOne" time="0.026" classname="com.dataprovider.Enableanddisable"/>
  <testcase name="testThree" time="0.005" classname="com.dataprovider.Enableanddisable"/>
  <testcase name="testProcessRealNumbers" time="0.003" classname="com.dataprovider.Dependsonmethodexample"/>
  <testcase name="testFour" time="0.0" classname="com.dataprovider.Enableanddisable">
    <ignored/>
  </testcase> <!-- testFour -->
</testsuite> <!-- Regression 1 -->
